<?xml version="1.0" encoding="UTF-8"?>
<!-- Generated by org.testng.reporters.JUnitXMLReporter -->
<testsuite ignored="0" hostname="DESKTOP-S9DM9FF" failures="0" tests="3" name="Test" time="8.171" errors="0" timestamp="2025-11-21T01:47:27 IST">
  <testcase classname="TestNGSeleniumConcept.TestNGAnnotations" name="OpenBrowser" time="5.332"/>
  <testcase classname="TestNGSeleniumConcept.TestNGAnnotations" name="LoginApp" time="2.238"/>
  <testcase classname="TestNGSeleniumConcept.TestNGAnnotations" name="CloseBrowser" time="0.38"/>
</testsuite> <!-- Test -->
