<?xml version="1.0" encoding="UTF-8"?>
<testng-results ignored="0" total="1" passed="1" failed="0" skipped="0">
  <reporter-output>
  </reporter-output>
  <suite started-at="2025-11-23T01:24:41 IST" name="Default suite" finished-at="2025-11-23T01:24:41 IST" duration-ms="178">
    <groups>
      <group name="Regression">
        <method signature="ClassAnnotation.Method2()[pri:0, instance:TestNGSeleniumConcept.ClassAnnotation@302c971f]" name="Method2" class="TestNGSeleniumConcept.ClassAnnotation"/>
      </group> <!-- Regression -->
    </groups>
    <test started-at="2025-11-23T01:24:41 IST" name="Default test" finished-at="2025-11-23T01:24:41 IST" duration-ms="178">
      <class name="TestNGSeleniumConcept.ClassAnnotation">
        <test-method is-config="true" signature="Method()[pri:0, instance:TestNGSeleniumConcept.ClassAnnotation@302c971f]" started-at="2025-11-23T01:24:41 IST" name="Method" finished-at="2025-11-23T01:24:41 IST" duration-ms="26" status="PASS">
          <reporter-output>
          </reporter-output>
        </test-method> <!-- Method -->
        <test-method signature="Method2()[pri:0, instance:TestNGSeleniumConcept.ClassAnnotation@302c971f]" started-at="2025-11-23T01:24:41 IST" name="Method2" finished-at="2025-11-23T01:24:41 IST" duration-ms="19" status="PASS">
          <reporter-output>
          </reporter-output>
        </test-method> <!-- Method2 -->
        <test-method is-config="true" signature="Method1()[pri:0, instance:TestNGSeleniumConcept.ClassAnnotation@302c971f]" started-at="2025-11-23T01:24:41 IST" name="Method1" finished-at="2025-11-23T01:24:41 IST" duration-ms="2" status="PASS">
          <reporter-output>
          </reporter-output>
        </test-method> <!-- Method1 -->
      </class> <!-- TestNGSeleniumConcept.ClassAnnotation -->
    </test> <!-- Default test -->
  </suite> <!-- Default suite -->
</testng-results>
