<?xml version="1.0" encoding="UTF-8"?>
<!-- Generated by org.testng.reporters.JUnitReportReporter -->
<testsuite hostname="DESKTOP-S9DM9FF" failures="0" tests="3" name="TestNGSeleniumConcept.TestNGBasic" time="0.013" errors="0" timestamp="2025-11-21T01:09:52 IST" skipped="0">
  <testcase classname="TestNGSeleniumConcept.TestNGBasic" name="openBrowser" time="0.010"/>
  <testcase classname="TestNGSeleniumConcept.TestNGBasic" name="loginApplication" time="0.001"/>
  <testcase classname="TestNGSeleniumConcept.TestNGBasic" name="closeBrowser" time="0.002"/>
</testsuite> <!-- TestNGSeleniumConcept.TestNGBasic -->
